<?xml version="1.0" encoding="UTF-8"?>
<!-- Generated by org.testng.reporters.JUnitReportReporter -->
<testsuite hostname="LTIN283332" failures="0" tests="3" name="TestRunner.TestRunner" time="73.117" errors="0" timestamp="2024-02-25T20:19:54 IST" skipped="0">
  <testcase classname="TestRunner.TestRunner" name="runScenario" time="42.264"/>
  <testcase classname="TestRunner.TestRunner" name="runScenario" time="17.867"/>
  <testcase classname="TestRunner.TestRunner" name="runScenario" time="12.986"/>
</testsuite> <!-- TestRunner.TestRunner -->
