<?xml version="1.0" encoding="UTF-8"?>
<!-- Generated by org.testng.reporters.JUnitReportReporter -->
<testsuite hostname="LTIN283332" failures="0" tests="3" name="com.zigwheels.TestRunner.TestRunner" time="75.746" errors="0" timestamp="2024-02-27T22:23:21 IST" skipped="0">
  <testcase classname="com.zigwheels.TestRunner.TestRunner" name="runScenario" time="10.992"/>
  <testcase classname="com.zigwheels.TestRunner.TestRunner" name="runScenario" time="31.389"/>
  <testcase classname="com.zigwheels.TestRunner.TestRunner" name="runScenario" time="33.365"/>
</testsuite> <!-- com.zigwheels.TestRunner.TestRunner -->
